<?xml version="1.0" encoding="UTF-8"?>
<!-- Generated by org.testng.reporters.JUnitReportReporter -->
<testsuite hostname="Thakur-Acer" failures="0" tests="1" name="orangeHRM.testCases.testSprint1" time="9.276" errors="0" timestamp="2025-02-16T12:11:03 IST" skipped="0">
  <testcase classname="orangeHRM.testCases.testSprint1" name="CheckIfLoginSuccessfullWithCorrectCredentials" time="9.276"/>
  <system-out/>
</testsuite> <!-- orangeHRM.testCases.testSprint1 -->
